Arguments: 
  /Users/valentinjadot/.nodenv/versions/16.15.1/bin/node /Users/valentinjadot/.nodenv/versions/16.15.1/bin/yarn add -D @eslint/config

PATH: 
  /Users/valentinjadot/.nodenv/versions/16.15.1/bin:/opt/homebrew/Cellar/nodenv/1.4.1/libexec:/Users/valentinjadot/Downloads/google-cloud-sdk/bin:/Users/valentinjadot/.rbenv/shims:/Users/valentinjadot/.nodenv/shims:/Users/valentinjadot/.nvm/versions/node/v18.16.1/bin:/Users/valentinjadot/bin:/usr/local/bin:/Library/Frameworks/Python.framework/Versions/3.11/bin:/opt/homebrew/bin:/opt/homebrew/sbin:/usr/local/bin:/usr/bin:/bin:/usr/sbin:/sbin:/Library/Apple/usr/bin:/Users/valentinjadot/Library/Android/sdk/emulator:/Users/valentinjadot/Library/Android/sdk/tools:/Users/valentinjadot/Library/Android/sdk/tools/bin:/Users/valentinjadot/Library/Android/sdk/platform-tools

Yarn version: 
  1.22.19

Node version: 
  16.15.1

Platform: 
  darwin arm64

Trace: 
  Error: https://registry.yarnpkg.com/@eslint%2fconfig: Not found
      at Request.params.callback [as _callback] (/Users/valentinjadot/.nodenv/versions/16.15.1/lib/node_modules/yarn/lib/cli.js:66145:18)
      at Request.self.callback (/Users/valentinjadot/.nodenv/versions/16.15.1/lib/node_modules/yarn/lib/cli.js:140890:22)
      at Request.emit (node:events:527:28)
      at Request.<anonymous> (/Users/valentinjadot/.nodenv/versions/16.15.1/lib/node_modules/yarn/lib/cli.js:141862:10)
      at Request.emit (node:events:527:28)
      at IncomingMessage.<anonymous> (/Users/valentinjadot/.nodenv/versions/16.15.1/lib/node_modules/yarn/lib/cli.js:141784:12)
      at Object.onceWrapper (node:events:641:28)
      at IncomingMessage.emit (node:events:539:35)
      at endReadableNT (node:internal/streams/readable:1345:12)
      at processTicksAndRejections (node:internal/process/task_queues:83:21)

npm manifest: 
  {
    "type": "module",
    "scripts": {
      "start": "node src/index.js",
      "watch": "run-when-changed --watch 'src/**' --exec 'yarn run start'"
    },
    "devDependencies": {
      "run-when-changed": "^2.1.0"
    }
  }

yarn manifest: 
  No manifest

Lockfile: 
  # THIS IS AN AUTOGENERATED FILE. DO NOT EDIT THIS FILE DIRECTLY.
  # yarn lockfile v1
  
  
  ansi-bold@^0.1.1:
    version "0.1.1"
    resolved "https://registry.npmjs.org/ansi-bold/-/ansi-bold-0.1.1.tgz"
    integrity sha512-wWKwcViX1E28U6FohtWOP4sHFyArELHJ2p7+3BzbibqJiuISeskq6t7JnrLisUngMF5zMhgmXVw8Equjzz9OlA==
    dependencies:
      ansi-wrap "0.1.0"
  
  ansi-wrap@0.1.0:
    version "0.1.0"
    resolved "https://registry.npmjs.org/ansi-wrap/-/ansi-wrap-0.1.0.tgz"
    integrity sha512-ZyznvL8k/FZeQHr2T6LzcJ/+vBApDnMNZvfVFy3At0knswWd6rJ3/0Hhmpu8oqa6C92npmozs890sX9Dl6q+Qw==
  
  balanced-match@^1.0.0:
    version "1.0.2"
    resolved "https://registry.npmjs.org/balanced-match/-/balanced-match-1.0.2.tgz"
    integrity sha512-3oSeUO0TMV67hN1AmbXsK4yaqU7tjiHlbxRDZOpH0KW9+CeX4bRAaX0Anxt0tx2MrpRpWwQaPwIlISEJhYU5Pw==
  
  brace-expansion@^1.1.7:
    version "1.1.11"
    resolved "https://registry.npmjs.org/brace-expansion/-/brace-expansion-1.1.11.tgz"
    integrity sha512-iCuPHDFgrHX7H2vEI/5xpz07zSHB00TpugqhmYtVmMO6518mCuRMoOYFldEBl0g187ufozdaHgWKcYFb61qGiA==
    dependencies:
      balanced-match "^1.0.0"
      concat-map "0.0.1"
  
  commander@^2.15.1:
    version "2.20.3"
    resolved "https://registry.npmjs.org/commander/-/commander-2.20.3.tgz"
    integrity sha512-GpVkmM8vF2vQUkj2LvZmD35JxeJOLCwJ9cUkugyk2nuhbv3+mJvpLYYt+0+USMxE+oj+ey/lJEnhZw75x/OMcQ==
  
  concat-map@0.0.1:
    version "0.0.1"
    resolved "https://registry.npmjs.org/concat-map/-/concat-map-0.0.1.tgz"
    integrity sha512-/Srv4dswyQNBfohGpz9o6Yb3Gz3SrUDqBH5rTuhGR7ahtlbYKnVxw2bCFMRljaA7EXHaXZ8wsHdodFvbkhKmqg==
  
  es6-promise@^3.0.2:
    version "3.3.1"
    resolved "https://registry.npmjs.org/es6-promise/-/es6-promise-3.3.1.tgz"
    integrity sha512-SOp9Phqvqn7jtEUxPWdWfWoLmyt2VaJ6MpvP9Comy1MceMXqE6bxvaTu4iaxpYYPzhny28Lc+M87/c2cPK6lDg==
  
  fs-find-root@^2.0.0:
    version "2.0.0"
    resolved "https://registry.npmjs.org/fs-find-root/-/fs-find-root-2.0.0.tgz"
    integrity sha512-LmgsxDwnxd+sfm3EZ66P8nSlUMm69hKz/LdXKChK2a+5xXnrAB7MPn2uo0VCyrgj8lZNqyj6EIdD516ILZAEBg==
    dependencies:
      es6-promise "^3.0.2"
  
  fs.realpath@^1.0.0:
    version "1.0.0"
    resolved "https://registry.npmjs.org/fs.realpath/-/fs.realpath-1.0.0.tgz"
    integrity sha512-OO0pH2lK6a0hZnAdau5ItzHPI6pUlvI7jMVnxUQRtw4owF2wk8lOSabtGDCTP4Ggrg2MbGnWO9X8K1t4+fGMDw==
  
  gaze@^1.1.2:
    version "1.1.3"
    resolved "https://registry.npmjs.org/gaze/-/gaze-1.1.3.tgz"
    integrity sha512-BRdNm8hbWzFzWHERTrejLqwHDfS4GibPoq5wjTPIoJHoBtKGPg3xAFfxmM+9ztbXelxcf2hwQcaz1PtmFeue8g==
    dependencies:
      globule "^1.0.0"
  
  glob@~7.1.1:
    version "7.1.7"
    resolved "https://registry.npmjs.org/glob/-/glob-7.1.7.tgz"
    integrity sha512-OvD9ENzPLbegENnYP5UUfJIirTg4+XwMWGaQfQTY0JenxNvvIKP3U3/tAQSPIu/lHxXYSZmpXlUHeqAIdKzBLQ==
    dependencies:
      fs.realpath "^1.0.0"
      inflight "^1.0.4"
      inherits "2"
      minimatch "^3.0.4"
      once "^1.3.0"
      path-is-absolute "^1.0.0"
  
  globule@^1.0.0:
    version "1.3.4"
    resolved "https://registry.npmjs.org/globule/-/globule-1.3.4.tgz"
    integrity sha512-OPTIfhMBh7JbBYDpa5b+Q5ptmMWKwcNcFSR/0c6t8V4f3ZAVBEsKNY37QdVqmLRYSMhOUGYrY0QhSoEpzGr/Eg==
    dependencies:
      glob "~7.1.1"
      lodash "^4.17.21"
      minimatch "~3.0.2"
  
  inflight@^1.0.4:
    version "1.0.6"
    resolved "https://registry.npmjs.org/inflight/-/inflight-1.0.6.tgz"
    integrity sha512-k92I/b08q4wvFscXCLvqfsHCrjrF7yiXsQuIVvVE7N82W3+aqpzuUdBbfhWcy/FZR3/4IgflMgKLOsvPDrGCJA==
    dependencies:
      once "^1.3.0"
      wrappy "1"
  
  inherits@2:
    version "2.0.4"
    resolved "https://registry.npmjs.org/inherits/-/inherits-2.0.4.tgz"
    integrity sha512-k/vGaX4/Yla3WzyMCvTQOXYeIHvqOKtnqBduzTHpzpQZzAskKMhZ2K+EnBiSM9zGSoIFeMpXKxa4dYeZIQqewQ==
  
  lodash@^4.17.21:
    version "4.17.21"
    resolved "https://registry.npmjs.org/lodash/-/lodash-4.17.21.tgz"
    integrity sha512-v2kDEe57lecTulaDIuNTPy3Ry4gLGJ6Z1O3vE1krgXZNrsQ+LFTGHVxVjcXPs17LhbZVGedAJv8XZ1tvj5FvSg==
  
  minimatch@^3.0.4:
    version "3.1.2"
    resolved "https://registry.npmjs.org/minimatch/-/minimatch-3.1.2.tgz"
    integrity sha512-J7p63hRiAjw1NDEww1W7i37+ByIrOWO5XQQAzZ3VOcL0PNybwpfmV/N05zFAzwQ9USyEcX6t3UO+K5aqBQOIHw==
    dependencies:
      brace-expansion "^1.1.7"
  
  minimatch@~3.0.2:
    version "3.0.8"
    resolved "https://registry.npmjs.org/minimatch/-/minimatch-3.0.8.tgz"
    integrity sha512-6FsRAQsxQ61mw+qP1ZzbL9Bc78x2p5OqNgNpnoAFLTrX8n5Kxph0CsnhmKKNXTWjXqU5L0pGPR7hYk+XWZr60Q==
    dependencies:
      brace-expansion "^1.1.7"
  
  once@^1.3.0:
    version "1.4.0"
    resolved "https://registry.npmjs.org/once/-/once-1.4.0.tgz"
    integrity sha512-lNaJgI+2Q5URQBkccEKHTQOPaXdUxnZZElQTZY0MFUAuaEqe1E+Nyvgdz/aIyNi6Z9MzO5dv1H8n58/GELp3+w==
    dependencies:
      wrappy "1"
  
  path-is-absolute@^1.0.0:
    version "1.0.1"
    resolved "https://registry.npmjs.org/path-is-absolute/-/path-is-absolute-1.0.1.tgz"
    integrity sha512-AVbw3UJ2e9bq64vSaS9Am0fje1Pa8pbGqTTsmXfaIiMpnr5DlDhfJOuLj9Sf95ZPVDAUerDfEk88MPmPe7UCQg==
  
  run-when-changed@^2.1.0:
    version "2.1.0"
    resolved "https://registry.yarnpkg.com/run-when-changed/-/run-when-changed-2.1.0.tgz#2e76d6ff6014d38786a3a11b98e9291c7e934953"
    integrity sha512-ge/wuPQAvQz0uDEOO8W2c3g4mqXDa1XXtnJmjP9+6Nqfb+XdUYkQX/KvKmSvJ4xG5weD3RGm0u2Q3UsGzAo5gw==
    dependencies:
      ansi-bold "^0.1.1"
      commander "^2.15.1"
      fs-find-root "^2.0.0"
      gaze "^1.1.2"
      minimatch "^3.0.4"
  
  wrappy@1:
    version "1.0.2"
    resolved "https://registry.npmjs.org/wrappy/-/wrappy-1.0.2.tgz"
    integrity sha512-l4Sp/DRseor9wL6EvV2+TuQn63dMkPjZ/sp9XkghTEbV9KlPS1xUsZ3u7/IQO4wxtcFB4bgpQPRcR3QCvezPcQ==
